<?xml version="1.0" encoding="UTF-8"?>
<testsuite name="AdjacencyListTest" tests="5" skipped="0" failures="0" errors="0" timestamp="2025-04-30T17:43:48" hostname="ars-MaiBook-M" time="0.046">
  <properties/>
  <testcase name="adjacency list for directed graph()" classname="AdjacencyListTest" time="0.032"/>
  <testcase name="adjacency list for undirected graph()" classname="AdjacencyListTest" time="0.003"/>
  <testcase name="empty graph()" classname="AdjacencyListTest" time="0.003"/>
  <testcase name="graph without edges()" classname="AdjacencyListTest" time="0.002"/>
  <testcase name="one vertex()" classname="AdjacencyListTest" time="0.001"/>
  <system-out><![CDATA[]]></system-out>
  <system-err><![CDATA[]]></system-err>
</testsuite>
