<?xml version="1.0" encoding="UTF-8"?>
<testsuite name="LeaderRankTest" tests="13" skipped="0" failures="0" errors="0" timestamp="2025-05-09T08:30:43" hostname="ars-MaiBook-M" time="0.024">
  <properties/>
  <testcase name="two connected vertices in undirected graph()" classname="LeaderRankTest" time="0.003"/>
  <testcase name="isolated vertex()" classname="LeaderRankTest" time="0.001"/>
  <testcase name="two strongly connected components()" classname="LeaderRankTest" time="0.001"/>
  <testcase name="ring in undirected graph()" classname="LeaderRankTest" time="0.001"/>
  <testcase name="ring in directed graph()" classname="LeaderRankTest" time="0.0"/>
  <testcase name="empty graph()" classname="LeaderRankTest" time="0.001"/>
  <testcase name="graph without edges()" classname="LeaderRankTest" time="0.001"/>
  <testcase name="chain in directed graph()" classname="LeaderRankTest" time="0.001"/>
  <testcase name="star graph()" classname="LeaderRankTest" time="0.002"/>
  <testcase name="graph with two isolated vertex()" classname="LeaderRankTest" time="0.0"/>
  <testcase name="two connected vertices in directed graph()" classname="LeaderRankTest" time="0.001"/>
  <testcase name="graph with one vertex()" classname="LeaderRankTest" time="0.001"/>
  <testcase name="strongly connected graph()" classname="LeaderRankTest" time="0.001"/>
  <system-out><![CDATA[]]></system-out>
  <system-err><![CDATA[]]></system-err>
</testsuite>
