<?xml version="1.0" encoding="UTF-8"?>
<testsuite name="intagrationTests.MainScreenViewModelForDirectedGraphTest" tests="16" skipped="0" failures="0" errors="0" timestamp="2025-05-09T08:30:43" hostname="ars-MaiBook-M" time="3.902">
  <properties/>
  <testcase name="set vertex values and edge weights ()" classname="intagrationTests.MainScreenViewModelForDirectedGraphTest" time="3.705"/>
  <testcase name="highlight key vertices in empty graph()" classname="intagrationTests.MainScreenViewModelForDirectedGraphTest" time="0.01"/>
  <testcase name="reset graph view test()" classname="intagrationTests.MainScreenViewModelForDirectedGraphTest" time="0.047"/>
  <testcase name="find path between non-existent vertices()" classname="intagrationTests.MainScreenViewModelForDirectedGraphTest" time="0.007"/>
  <testcase name="init main screen viewModel for directed graph()" classname="intagrationTests.MainScreenViewModelForDirectedGraphTest" time="0.009"/>
  <testcase name="find strongly connected components in empty graph()" classname="intagrationTests.MainScreenViewModelForDirectedGraphTest" time="0.007"/>
  <testcase name="dijkstra test()" classname="intagrationTests.MainScreenViewModelForDirectedGraphTest" time="0.024"/>
  <testcase name="find strongly connected components()" classname="intagrationTests.MainScreenViewModelForDirectedGraphTest" time="0.006"/>
  <testcase name="find a non-existent path()" classname="intagrationTests.MainScreenViewModelForDirectedGraphTest" time="0.008"/>
  <testcase name="vertex values and edge weights are hidden()" classname="intagrationTests.MainScreenViewModelForDirectedGraphTest" time="0.007"/>
  <testcase name="highlight key vertices test()" classname="intagrationTests.MainScreenViewModelForDirectedGraphTest" time="0.008"/>
  <testcase name="highlight key vertices in graph with two vertices()" classname="intagrationTests.MainScreenViewModelForDirectedGraphTest" time="0.007"/>
  <testcase name="default edges test()" classname="intagrationTests.MainScreenViewModelForDirectedGraphTest" time="0.009"/>
  <testcase name="default vertices test()" classname="intagrationTests.MainScreenViewModelForDirectedGraphTest" time="0.008"/>
  <testcase name="highlight key vertices in graph with one vertex()" classname="intagrationTests.MainScreenViewModelForDirectedGraphTest" time="0.006"/>
  <testcase name="check for negative weights test()" classname="intagrationTests.MainScreenViewModelForDirectedGraphTest" time="0.007"/>
  <system-out><![CDATA[]]></system-out>
  <system-err><![CDATA[]]></system-err>
</testsuite>
