<?xml version="1.0" encoding="UTF-8"?>
<testsuite name="DijkstraTests" tests="8" skipped="0" failures="0" errors="0" timestamp="2025-05-09T08:30:43" hostname="ars-MaiBook-M" time="0.071">
  <properties/>
  <testcase name="negative weights()" classname="DijkstraTests" time="0.002"/>
  <testcase name="disconnected graph returns empty path()" classname="DijkstraTests" time="0.001"/>
  <testcase name="path through multiple intermediate vertices()" classname="DijkstraTests" time="0.001"/>
  <testcase name="the beginning is equal to the end()" classname="DijkstraTests" time="0.001"/>
  <testcase name="end is missing()" classname="DijkstraTests" time="0.0"/>
  <testcase name="large graph()" classname="DijkstraTests" time="0.058"/>
  <testcase name="prefer shorter alternative path()" classname="DijkstraTests" time="0.001"/>
  <testcase name="begin is missing()" classname="DijkstraTests" time="0.001"/>
  <system-out><![CDATA[]]></system-out>
  <system-err><![CDATA[]]></system-err>
</testsuite>
